# JRE version: OpenJDK Runtime Environment Corretto-17.0.4.8.1 (17.0.4+8) (build 17.0.4+8-LTS)
# Java VM: OpenJDK 64-Bit Server VM Corretto-17.0.4.8.1 (17.0.4+8-LTS, mixed mode, emulated-client, sharing, tiered, compressed oops, compressed class ptrs, g1 gc, windows-amd64)
GC Precious Log:
 CPUs: 8 total, 8 available
 Memory: 8006M
 Large Page Support: Disabled
 NUMA Support: Disabled
 Compressed Oops: Enabled (32-bit)
 Heap Region Size: 1M
 Heap Min Capacity: 8M
 Heap Initial Capacity: 126M
 Heap Max Capacity: 2002M
 Pre-touch: Disabled
 Parallel Workers: 8
 Concurrent Workers: 2
 Concurrent Refinement Workers: 8
 Periodic GC: Disabled
Heap:
 garbage-first heap   total 286720K, used 125687K [0x0000000082e00000, 0x0000000100000000)
  region size 1024K, 61 young (62464K), 11 survivors (11264K)
 Metaspace       used 105465K, committed 106368K, reserved 1146880K
  class space    used 13789K, committed 14208K, reserved 1048576K
GC Heap History (20 events):
Event: 628.373 GC heap before
{Heap before GC invocations=67 (full 3):
 garbage-first heap   total 208896K, used 160574K [0x0000000082e00000, 0x0000000100000000)
  region size 1024K, 99 young (101376K), 9 survivors (9216K)
 Metaspace       used 100094K, committed 100928K, reserved 1138688K
  class space    used 13288K, committed 13696K, reserved 1048576K
}
Event: 628.452 GC heap after
{Heap after GC invocations=68 (full 4):
 garbage-first heap   total 198656K, used 56136K [0x0000000082e00000, 0x0000000100000000)
  region size 1024K, 0 young (0K), 0 survivors (0K)
 Metaspace       used 99993K, committed 100928K, reserved 1138688K
  class space    used 13271K, committed 13696K, reserved 1048576K
}
Event: 629.599 GC heap before
{Heap before GC invocations=68 (full 4):
 garbage-first heap   total 198656K, used 166728K [0x0000000082e00000, 0x0000000100000000)
  region size 1024K, 108 young (110592K), 0 survivors (0K)
 Metaspace       used 101472K, committed 102272K, reserved 1138688K
  class space    used 13434K, committed 13824K, reserved 1048576K
}
Event: 629.609 GC heap after
{Heap after GC invocations=69 (full 4):
 garbage-first heap   total 198656K, used 63092K [0x0000000082e00000, 0x0000000100000000)
  region size 1024K, 7 young (7168K), 7 survivors (7168K)
 Metaspace       used 101472K, committed 102272K, reserved 1138688K
  class space    used 13434K, committed 13824K, reserved 1048576K
}
Event: 630.096 GC heap before
{Heap before GC invocations=69 (full 4):
 garbage-first heap   total 198656K, used 164468K [0x0000000082e00000, 0x0000000100000000)
  region size 1024K, 106 young (108544K), 7 survivors (7168K)
 Metaspace       used 102555K, committed 103424K, reserved 1138688K
  class space    used 13527K, committed 13952K, reserved 1048576K
}
Event: 630.103 GC heap after
{Heap after GC invocations=70 (full 4):
 garbage-first heap   total 198656K, used 65693K [0x0000000082e00000, 0x0000000100000000)
  region size 1024K, 10 young (10240K), 10 survivors (10240K)
 Metaspace       used 102555K, committed 103424K, reserved 1138688K
  class space    used 13527K, committed 13952K, reserved 1048576K
}
Event: 630.273 GC heap before
{Heap before GC invocations=70 (full 4):
 garbage-first heap   total 198656K, used 163997K [0x0000000082e00000, 0x0000000100000000)
  region size 1024K, 106 young (108544K), 10 survivors (10240K)
 Metaspace       used 102762K, committed 103616K, reserved 1146880K
  class space    used 13543K, committed 13952K, reserved 1048576K
}
Event: 630.281 GC heap after
{Heap after GC invocations=71 (full 4):
 garbage-first heap   total 198656K, used 67622K [0x0000000082e00000, 0x0000000100000000)
  region size 1024K, 6 young (6144K), 6 survivors (6144K)
 Metaspace       used 102762K, committed 103616K, reserved 1146880K
  class space    used 13543K, committed 13952K, reserved 1048576K
}
Event: 630.558 GC heap before
{Heap before GC invocations=71 (full 4):
 garbage-first heap   total 198656K, used 164902K [0x0000000082e00000, 0x0000000100000000)
  region size 1024K, 101 young (103424K), 6 survivors (6144K)
 Metaspace       used 103237K, committed 104128K, reserved 1146880K
  class space    used 13595K, committed 14016K, reserved 1048576K
}
Event: 630.563 GC heap after
{Heap after GC invocations=72 (full 4):
 garbage-first heap   total 198656K, used 68019K [0x0000000082e00000, 0x0000000100000000)
  region size 1024K, 6 young (6144K), 6 survivors (6144K)
 Metaspace       used 103237K, committed 104128K, reserved 1146880K
  class space    used 13595K, committed 14016K, reserved 1048576K
}
Event: 630.827 GC heap before
{Heap before GC invocations=72 (full 4):
 garbage-first heap   total 198656K, used 166323K [0x0000000082e00000, 0x0000000100000000)
  region size 1024K, 102 young (104448K), 6 survivors (6144K)
 Metaspace       used 103458K, committed 104320K, reserved 1146880K
  class space    used 13613K, committed 14016K, reserved 1048576K
}
Event: 630.833 GC heap after
{Heap after GC invocations=73 (full 4):
 garbage-first heap   total 238592K, used 69003K [0x0000000082e00000, 0x0000000100000000)
  region size 1024K, 7 young (7168K), 7 survivors (7168K)
 Metaspace       used 103458K, committed 104320K, reserved 1146880K
  class space    used 13613K, committed 14016K, reserved 1048576K
}
Event: 631.227 GC heap before
{Heap before GC invocations=73 (full 4):
 garbage-first heap   total 238592K, used 200075K [0x0000000082e00000, 0x0000000100000000)
  region size 1024K, 135 young (138240K), 7 survivors (7168K)
 Metaspace       used 103839K, committed 104704K, reserved 1146880K
  class space    used 13642K, committed 14080K, reserved 1048576K
}
Event: 631.235 GC heap after
{Heap after GC invocations=74 (full 4):
 garbage-first heap   total 238592K, used 70525K [0x0000000082e00000, 0x0000000100000000)
  region size 1024K, 9 young (9216K), 9 survivors (9216K)
 Metaspace       used 103839K, committed 104704K, reserved 1146880K
  class space    used 13642K, committed 14080K, reserved 1048576K
}
Event: 631.581 GC heap before
{Heap before GC invocations=74 (full 4):
 garbage-first heap   total 238592K, used 200573K [0x0000000082e00000, 0x0000000100000000)
  region size 1024K, 136 young (139264K), 9 survivors (9216K)
 Metaspace       used 104129K, committed 105024K, reserved 1146880K
  class space    used 13662K, committed 14080K, reserved 1048576K
}
Event: 631.592 GC heap after
{Heap after GC invocations=75 (full 4):
 garbage-first heap   total 238592K, used 71641K [0x0000000082e00000, 0x0000000100000000)
  region size 1024K, 10 young (10240K), 10 survivors (10240K)
 Metaspace       used 104129K, committed 105024K, reserved 1146880K
  class space    used 13662K, committed 14080K, reserved 1048576K
}
Event: 632.021 GC heap before
{Heap before GC invocations=75 (full 4):
 garbage-first heap   total 238592K, used 199641K [0x0000000082e00000, 0x0000000100000000)
  region size 1024K, 135 young (138240K), 10 survivors (10240K)
 Metaspace       used 104831K, committed 105728K, reserved 1146880K
  class space    used 13707K, committed 14144K, reserved 1048576K
}
Event: 632.033 GC heap after
{Heap after GC invocations=76 (full 4):
 garbage-first heap   total 238592K, used 74121K [0x0000000082e00000, 0x0000000100000000)
  region size 1024K, 9 young (9216K), 9 survivors (9216K)
 Metaspace       used 104831K, committed 105728K, reserved 1146880K
  class space    used 13707K, committed 14144K, reserved 1048576K
}
Event: 700.998 GC heap before
{Heap before GC invocations=76 (full 4):
 garbage-first heap   total 238592K, used 201097K [0x0000000082e00000, 0x0000000100000000)
  region size 1024K, 133 young (136192K), 9 survivors (9216K)
 Metaspace       used 105060K, committed 105984K, reserved 1146880K
  class space    used 13730K, committed 14208K, reserved 1048576K
}
Event: 701.006 GC heap after
{Heap after GC invocations=77 (full 4):
 garbage-first heap   total 286720K, used 75511K [0x0000000082e00000, 0x0000000100000000)
  region size 1024K, 11 young (11264K), 11 survivors (11264K)
 Metaspace       used 105060K, committed 105984K, reserved 1146880K
  class space    used 13730K, committed 14208K, reserved 1048576K
}

